\BOOKMARK [0][-]{chapter.1}{\376\377\000B\000e\000s\000c\000h\000r\000e\000i\000b\000u\000n\000g\000\040\000d\000e\000r\000\040\000F\000u\000n\000k\000t\000i\000o\000n\000a\000l\000i\000t\000\344\000t\000:\000\040\000W\000e\000r\000\040\000i\000s\000t\000\040\000d\000e\000r\000\040\000S\000p\000i\000o\000n\000?}{}% 1
\BOOKMARK [1][-]{section.1.1}{\376\377\000B\000e\000s\000c\000h\000r\000e\000i\000b\000u\000n\000g\000\040\000d\000e\000s\000\040\000K\000u\000n\000d\000e\000n\000n\000u\000t\000z\000e\000n\000s\000:}{chapter.1}% 2
\BOOKMARK [2][-]{subsection.1.1.1}{\376\377\000V\000e\000r\000w\000e\000n\000d\000e\000t\000e\000\040\000T\000e\000c\000h\000n\000o\000l\000o\000g\000i\000e}{section.1.1}% 3
\BOOKMARK [2][-]{subsection.1.1.2}{\376\377\000A\000u\000s\000f\000\374\000h\000r\000b\000a\000r\000e\000\040\000D\000a\000t\000e\000i}{section.1.1}% 4
\BOOKMARK [0][-]{chapter.2}{\376\377\000C\000l\000e\000a\000n\000\040\000A\000r\000c\000h\000i\000t\000e\000c\000t\000u\000r\000e}{}% 5
\BOOKMARK [1][-]{section.2.1}{\376\377\000K\000r\000i\000t\000e\000r\000i\000e\000n\000\040\000f\000\374\000r\000\040\000n\000a\000c\000h\000h\000a\000l\000t\000i\000g\000e\000\040\000A\000r\000c\000h\000i\000t\000e\000k\000t\000u\000r}{chapter.2}% 6
\BOOKMARK [1][-]{section.2.2}{\376\377\000D\000e\000p\000e\000n\000d\000e\000n\000c\000y\000\040\000I\000n\000v\000e\000r\000s\000i\000o\000n}{chapter.2}% 7
\BOOKMARK [1][-]{section.2.3}{\376\377\000S\000t\000r\000u\000k\000t\000u\000r\000\040\000d\000e\000r\000\040\000C\000l\000e\000a\000n\000\040\000A\000r\000c\000h\000i\000t\000e\000c\000t\000u\000r\000e}{chapter.2}% 8
\BOOKMARK [2][-]{subsection.2.3.1}{\376\377\000D\000o\000m\000a\000i\000n\000\040\000C\000o\000d\000e}{section.2.3}% 9
\BOOKMARK [2][-]{subsection.2.3.2}{\376\377\000A\000p\000p\000l\000i\000k\000a\000t\000i\000o\000n\000s\000c\000o\000d\000e}{section.2.3}% 10
\BOOKMARK [2][-]{subsection.2.3.3}{\376\377\000P\000l\000u\000g\000i\000n}{section.2.3}% 11
\BOOKMARK [2][-]{subsection.2.3.4}{\376\377\000A\000d\000a\000p\000t\000e\000r}{section.2.3}% 12
\BOOKMARK [2][-]{subsection.2.3.5}{\376\377\000F\000r\000a\000m\000e\000w\000o\000r\000k\000\040\000v\000s\000.\000\040\000L\000i\000b\000r\000a\000r\000y}{section.2.3}% 13
\BOOKMARK [0][-]{chapter.3}{\376\377\000P\000r\000o\000g\000r\000a\000m\000m\000i\000n\000g\000\040\000P\000r\000i\000n\000c\000i\000p\000l\000e\000s}{}% 14
\BOOKMARK [1][-]{section.3.1}{\376\377\000S\000O\000L\000I\000D}{chapter.3}% 15
\BOOKMARK [1][-]{section.3.2}{\376\377\000G\000R\000A\000S\000P}{chapter.3}% 16
\BOOKMARK [2][-]{subsection.3.2.1}{\376\377\000L\000o\000w\000\040\000C\000o\000u\000p\000l\000i\000n\000g}{section.3.2}% 17
\BOOKMARK [2][-]{subsection.3.2.2}{\376\377\000H\000i\000g\000h\000\040\000C\000o\000h\000e\000s\000i\000o\000n}{section.3.2}% 18
\BOOKMARK [1][-]{section.3.3}{\376\377\000D\000R\000Y}{chapter.3}% 19
\BOOKMARK [0][-]{chapter.4}{\376\377\000T\000e\000s\000t}{}% 20
\BOOKMARK [1][-]{section.4.1}{\376\377\000U\000n\000i\000t\000\040\000T\000e\000s\000t}{chapter.4}% 21
\BOOKMARK [1][-]{section.4.2}{\376\377\000A\000T\000R\000I\000P\000-\000R\000e\000g\000e\000l\000n}{chapter.4}% 22
\BOOKMARK [1][-]{section.4.3}{\376\377\000M\000o\000c\000k\000e\000d\000\040\000T\000e\000s\000t}{chapter.4}% 23
\BOOKMARK [1][-]{section.4.4}{\376\377\000C\000o\000d\000e\000\040\000C\000o\000v\000e\000r\000a\000g\000e}{chapter.4}% 24
\BOOKMARK [0][-]{chapter.5}{\376\377\000R\000e\000f\000a\000c\000t\000o\000r\000i\000n\000g}{}% 25
\BOOKMARK [1][-]{section.5.1}{\376\377\000C\000o\000d\000e\000\040\000s\000m\000e\000l\000l\000s\000\040\000i\000d\000e\000n\000t\000i\000f\000i\000z\000i\000e\000r\000e\000n}{chapter.5}% 26
\BOOKMARK [1][-]{section.5.2}{\376\377\000R\000e\000f\000a\000c\000t\000o\000r\000i\000n\000g\000\040\000t\000h\000e\000\040\000C\000o\000d\000e\000\040\000S\000m\000e\000l\000l}{chapter.5}% 27
\BOOKMARK [2][-]{subsection.5.2.1}{\376\377\000E\000x\000t\000r\000a\000c\000t\000\040\000M\000e\000t\000h\000o\000d}{section.5.2}% 28
\BOOKMARK [2][-]{subsection.5.2.2}{\376\377\000T\000e\000m\000p\000l\000a\000t\000e\000\040\000M\000e\000t\000h\000o\000d}{section.5.2}% 29
